21/10/2020 09:35:14 PM FEED MONEY: $12 $12
21/10/2020 09:35:17 PM Stackers A2 $1.45 $10.55
21/10/2020 09:35:18 PM Give Change: $10.55 $0.00
21/10/2020 09:36:29 PM FEED MONEY: $12 $12
21/10/2020 09:36:38 PM Potato Crisps A1 $3.05 $8.95
21/10/2020 09:36:41 PM Give Change: $8.95 $0.00
21/10/2020 09:42:08 PM FEED MONEY: $1 $1
21/10/2020 09:42:10 PM FEED MONEY: $12 $13
21/10/2020 09:42:13 PM Stackers A2 $1.45 $11.55
22/10/2020 12:59:06 PM FEED MONEY: $12 $12
22/10/2020 12:59:15 PM Stackers A2 $1.45 $10.55
22/10/2020 12:59:16 PM Give Change: $10.55 $0.00
22/10/2020 01:01:13 PM FEED MONEY: $12 $12
25/10/2020 05:21:09 PM FEED MONEY: $1.1 $1.1
25/10/2020 05:25:48 PM FEED MONEY: $12 $12
25/10/2020 05:25:51 PM Stackers A2 $1.45 $10.55
25/10/2020 05:25:54 PM Grain Waves A3 $2.75 $7.80
25/10/2020 05:25:55 PM Give Change: $7.80 $0.00
25/10/2020 05:37:42 PM FEED MONEY: $12 $12
25/10/2020 05:37:44 PM Potato Crisps A1 $3.05 $8.95
25/10/2020 05:37:47 PM Give Change: $8.95 $0.00
25/10/2020 05:38:04 PM FEED MONEY: $123 $123.00
25/10/2020 05:38:12 PM Potato Crisps A1 $3.05 $119.95
25/10/2020 05:38:15 PM Potato Crisps A1 $3.05 $116.90
25/10/2020 05:38:19 PM Potato Crisps A1 $3.05 $113.85
25/10/2020 05:38:22 PM Potato Crisps A1 $3.05 $110.80
25/10/2020 05:38:29 PM Give Change: $110.80 $0.00
25/10/2020 05:40:59 PM FEED MONEY: $12 $12
25/10/2020 05:41:02 PM Potato Crisps A1 $3.05 $8.95
25/10/2020 05:41:07 PM Potato Crisps A1 $3.05 $5.90
25/10/2020 05:41:12 PM Potato Crisps A1 $3.05 $2.85
25/10/2020 05:41:16 PM FEED MONEY: $12 $14.85
25/10/2020 05:41:19 PM Potato Crisps A1 $3.05 $11.80
25/10/2020 05:41:23 PM Potato Crisps A1 $3.05 $8.75
25/10/2020 05:41:30 PM Give Change: $8.75 $0.00
25/10/2020 05:43:48 PM Give Change: $0 $0.00
25/10/2020 05:49:18 PM Give Change: $0 $0.00
26/10/2020 07:03:27 PM FEED MONEY: $10 $10
26/10/2020 07:28:45 PM FEED MONEY: $12 $12
26/10/2020 07:28:48 PM Potato Crisps A1 $3.05 $8.95
26/10/2020 07:28:50 PM Give Change: $8.95 $0.00
26/10/2020 07:50:26 PM FEED MONEY: $1 $1
26/10/2020 07:50:27 PM Give Change: $1 $0.00
26/10/2020 07:51:22 PM FEED MONEY: $1 $1
26/10/2020 07:53:33 PM FEED MONEY: $10 $6.95
26/10/2020 07:53:33 PM FEED MONEY: $1 $4.90
26/10/2020 07:56:04 PM FEED MONEY: $10 $10
26/10/2020 07:56:04 PM FEED MONEY: $1 $1
26/10/2020 07:56:42 PM FEED MONEY: $10 $10
26/10/2020 07:56:42 PM FEED MONEY: $1 $1
26/10/2020 08:21:46 PM FEED MONEY: $10 $10
26/10/2020 08:21:46 PM FEED MONEY: $1 $1
26/10/2020 08:22:30 PM FEED MONEY: $10 $10
26/10/2020 08:22:30 PM FEED MONEY: $1 $1
